<?xml version="1.0" encoding="UTF-8"?>
<testng-results ignored="0" total="1" passed="1" failed="0" skipped="0">
  <reporter-output>
  </reporter-output>
  <suite started-at="2024-10-06T21:33:39 IST" name="Default suite" finished-at="2024-10-06T21:35:30 IST" duration-ms="111209">
    <groups>
    </groups>
    <test started-at="2024-10-06T21:33:39 IST" name="Default test" finished-at="2024-10-06T21:35:30 IST" duration-ms="111209">
      <class name="RoyalBrother.Rentalbike">
        <test-method is-config="true" signature="FirstCase()[pri:0, instance:RoyalBrother.Rentalbike@39d76cb5]" started-at="2024-10-06T21:33:39 IST" name="FirstCase" finished-at="2024-10-06T21:33:52 IST" duration-ms="13197" status="PASS">
          <reporter-output>
          </reporter-output>
        </test-method> <!-- FirstCase -->
        <test-method signature="RoyalBike()[pri:0, instance:RoyalBrother.Rentalbike@39d76cb5]" started-at="2024-10-06T21:33:52 IST" name="RoyalBike" finished-at="2024-10-06T21:35:30 IST" duration-ms="97936" status="PASS">
          <reporter-output>
          </reporter-output>
        </test-method> <!-- RoyalBike -->
      </class> <!-- RoyalBrother.Rentalbike -->
    </test> <!-- Default test -->
  </suite> <!-- Default suite -->
</testng-results>
